9b0ada54-a405-4c05-b89f-458661704340:1751316060010:36:S:SELECT employee_id, first_name || ' ' || last_name AS "Employee Name"\n FROM employees\n WHERE salary > ( SELECT AVG( salary ) FROM employees );
ea05aab4-f910-448b-a209-3f7a66e20494:1751316060229:41:S:SELECT first_name || ' ' || last_name AS "Employee Name", employee_id, salary\n  FROM employees \n  WHERE manager_id = ( SELECT employee_id FROM employees WHERE first_name = 'Payam' );
df8f8ddc-5877-4ed2-a138-4bee88d88c8d:1751316060511:35:S:SELECT  department_id, first_name || ' ' || last_name AS "Name", job_id, department_name\n  FROM \n    (\n      SELECT e.*,d.department_name \n        FROM  employees e \n        LEFT JOIN departments d \n          ON e.department_id= d.department_id\n    )\n  WHERE department_name = 'Finance';
abdce2a1-2f39-49d8-826e-df1a2246afd7:1751316060670:38:S:SELECT * \n  FROM employees\n  WHERE salary \n  BETWEEN ( SELECT MIN(salary) FROM employees ) -- min salary is 2100 \n  AND 2500;
383042b3-d9ff-4f38-a211-04a45b2cd034:1751316061020:208:S:SELECT employees.first_name,\n       employees.last_name,\n       departments.department_name,\n       departments.city,\n       departments.state_province\n  FROM employees\n  JOIN (\n   SELECT departments.*,\n          locations.city,\n          locations.state_province\n     FROM departments\n     JOIN locations\n   ON departments.location_id = locations.location_id\n) departments\nON employees.department_id = departments.department_id;
b3593d0c-7550-4a94-8c86-5ba2aedebe03:1751316061596:39:S:SELECT employees.first_name,\n       employees.last_name,\n       employees.department_id,\n       departments.department_name\n  FROM employees\n  JOIN departments\nON employees.department_id = departments.department_id \nWHERE departments.department_ID IN (40, 80);
f1ea4159-e4f1-4cb3-9211-73863c86b137:1751316062019:41:S:SELECT first_name  || ' ' || last_name AS "Name",\n       hire_date\n  FROM employees\n  WHERE department_id = (\n   SELECT department_id\n     FROM employees\n    WHERE first_name = 'Clara'\n  ) AND first_name != 'Clara';
f1f03c1c-3a07-4f51-b137-6f44d860b4b3:1751316062349:38:S:SELECT  employee_id, \n        first_name  || ' ' || last_name AS "Name", \n        salary\n  FROM employees\n  WHERE salary > ( SELECT AVG(salary) FROM employees) \n  AND department_id IS NOT NULL\n  AND LOWER ( first_name  || ' ' || last_name ) LIKE '%j%';
a21aecbd-46b9-432a-bbba-f3a895f45264:1751316062690:37:S:SELECT e.first_name,\n       e.last_name,\n       d.department_name,\n       l.city,\n       l.state_province\n  FROM employees e\n  LEFT JOIN departments d\nON e.department_id = d.department_id\n  LEFT JOIN locations l\nON d.location_id = l.location_id\n WHERE LOWER ( first_name ) LIKE '%z%';
5ce57535-44c3-48f9-8ec6-6703f2cd0579:1751316062901:239:S:SELECT e.first_name,\n       e.last_name,\n       d.department_id,\n       d.department_name\n  FROM employees e\n  full JOIN departments d\nON e.department_id = d.department_id;
8fcb8271-d9d3-43cf-b849-8b5ec5e01796:1751316063387:174:S:SELECT e.employee_id,\n       e.first_name || ' ' || e.last_name AS "Name",\n       j.job_title\n  FROM employees e\n  LEFT JOIN jobs j\nON e.job_id = j.job_id\n WHERE salary < (\n   SELECT MIN(salary)\n     FROM employees\n    WHERE job_id = 'MK_MAN'\n  );
28925315-9e3e-4a5c-829d-18ae29a7fa96:1751316063864:37:S:SELECT e.employee_id,\n       e.first_name || ' ' || e.last_name AS "Name",\n       j.job_title\n  FROM employees e\n  LEFT JOIN jobs j\n  ON e.job_id = j.job_id\n  WHERE salary >  ( SELECT MAX(salary)\n                      FROM employees\n                      WHERE job_id = 'PU_MAN'\n                  ); -- PU MAN salary is 11 000
d3b11307-cee0-4236-92b5-89e0acbbfdd0:1751316064381:37:S:SELECT e.employee_id,\n       e.first_name || ' ' || e.last_name AS "Name",\n       j.job_title\n  FROM employees e\n  LEFT JOIN jobs j\n  ON e.job_id = j.job_id\n  WHERE salary > (\n  SELECT MAX("Average Salary")\n    FROM (\n    SELECT department_id,\n            SUM(salary) AS "Total Salary",\n            round(\n              avg(salary),\n              2\n            ) AS "Average Salary"\n      FROM employees\n      GROUP BY department_id\n  ));  --- max average salary of the departments 271800
c0054a2e-747b-493a-b483-1c7451e49e41:1751316064605:36:S:SELECT department_id,\n       "Total Salary"\n  FROM (\n   SELECT department_id,\n          SUM(salary) AS "Total Salary",\n          COUNT(*) AS "Num_Employees"\n     FROM employees\n    GROUP BY department_id\n  )\n  WHERE "Num_Employees" > 1;
2f693db4-9479-4a2f-948b-7dc3c59d8e4f:1751316064818:35:S:SELECT first_name,\n       last_name,\n       salary\n  FROM employees\n WHERE salary < (\n   SELECT salary\n     FROM employees\n    WHERE employee_id = 182\n);     -- 182's salary is 2500
d576a1ad-d076-4abe-847b-6b706b5bb000:1751316064978:205:S:SELECT e.first_name "Employee",\n       m.first_name "Manager"\n  FROM employees e\n  LEFT JOIN employees m\nON e.manager_id = m.employee_id;
5e03ba42-3f90-4046-893b-0800b21b6515:1751316065300:36:S:SELECT d.department_name,\n       l.city,\n       l.state_province\n  FROM departments d\n  LEFT JOIN locations l\nON d.location_id = l.location_id;
dd7ee047-b38d-40da-bdaf-6f64e83ac237:1751316065514:35:S:SELECT first_name || ' ' || last_name AS "Name",\n       department_id,\n       salary\n  FROM employees\n  WHERE department_id IN ( SELECT department_id FROM departments WHERE upper(department_name) LIKE 'IT%')\n  AND salary > ( SELECT AVG(salary) FROM employees);
1bdad373-f5fa-4efa-90e9-28ed56c7bdcf:1751316065715:40:S:SELECT  e.first_name, \n        e.last_name, \n        e.department_id,\n        d.department_name\n  FROM employees e \n  LEFT JOIN departments d \n    ON e.department_id = d.department_id\n  WHERE e.department_id is null;
24052ddd-d761-45a4-b59e-f1777293d413:1751316065883:199:S:SELECT e.first_name "Employee",\n       m.first_name "Manager"\n  FROM employees e\n  LEFT JOIN employees m\nON e.manager_id = m.employee_id;
daad4cf4-790d-4040-b3f6-497b45c15153:1751316066249:35:S:SELECT first_name || ' ' || last_name AS "Name",\n       salary\n  FROM employees\n  WHERE salary > ( SELECT salary FROM employees WHERE employee_id = 163 ); -- 163 salary is 9500
860e3335-3ef5-4412-9e10-9bed990f582a:1751316066499:35:S:SELECT first_name || ' ' || last_name AS "Name",\n       salary,\n       department_id,\n       e.job_id\n  FROM employees e\n  JOIN jobs j\nON e.job_id = j.job_id \nWHERE e.job_id = (select job_id from employees where EMPLOYEE_ID = 169 );
e4bdb73a-46bd-492a-81ad-7c93108a676f:1751316066718:133:S:SELECT first_name, last_name,  department_id\n  FROM employees\n  WHERE department_id IN ( SELECT department_id FROM employees WHERE last_name = 'Taylor' );
bd7d0113-47bb-4329-b9e8-3f99ddc06988:1751316067151:37:S:SELECT "Department", "Name"\n   FROM (\n    SELECT DISTINCT e.manager_id,\n                    m.first_name || ' ' || m.last_name AS "Name",\n                    d.department_name AS "Department"\n      FROM employees e\n      JOIN employees m\n    ON e.manager_id = m.employee_id\n      JOIN departments d\n    ON m.department_id = d.department_id\n      WHERE e.manager_id IS NOT NULL\n      ORDER BY manager_id ASC\n    );
b453b752-a75c-4e7b-b3d5-8364db5e321c:1751316067389:37:S:SELECT e.employee_id,\n       e.hire_date,\n        j.end_date,\n       e.job_id,\n       e.department_id\n  FROM employees e\n  LEFT JOIN job_history j\n    ON e.employee_id = j.employee_id\n  WHERE salary > 12000\n  ORDER BY employee_id;
8630a2c8-1e62-4e5f-98ff-4f5dba281c95:1751316067728:35:S:SELECT * \n  from EMPLOYEES\n  where salary = 3000\n  AND manager_id = 121;
fb53152b-1b0e-41ea-ab24-b9976ef7614f:1751316068111:36:S:SELECT  first_name || ' ' || last_name AS "Name",\n        employee_id, \n        job_title            \n  FROM  (\n          SELECT *\n            FROM employees e\n            LEFT JOIN jobs j\n            ON e.job_id = j.job_id\n            LEFT JOIN departments d\n            ON e.department_id = d.department_id\n            LEFT JOIN locations l\n            ON d.location_id = l.location_id\n        )\n  WHERE city = 'Toronto';
9449a399-1ee3-419c-8104-59834a34d161:1751316068330:134:S:SELECT  first_name || ' ' || last_name AS "Name",\n        department_name\n  FROM ( SELECT *\n      FROM employees e\n      LEFT JOIN departments d\n      ON e.department_id = d.department_id\n  )\n  WHERE salary > 3000;
cc143f3f-1371-499d-bbef-fb2e2f1859f7:1751316068553:41:S:SELECT *\n  FROM employees\n  WHERE salary > (SELECT salary from employees where last_name = 'Russell');
e9e39a7f-c1f9-4d02-99e8-26d044b1fa46:1751316068684:35:S:SELECT *\n  FROM employees\n  WHERE manager_id IS NULL;
5264653d-b523-40d1-a0ee-3f9a328d9a0e:1751316068875:36:S:SELECT department_name, count(*)\n  FROM (  SELECT *\n            FROM employees e\n            LEFT JOIN departments d\n            ON e.department_id = d.department_id\n        )\n  GROUP BY department_name;
c33c7afe-de64-4d49-940b-6de4ee204606:1751316069065:200:S:SELECT last_name, city\n  FROM (  SELECT *\n            FROM employees e\n            LEFT JOIN departments d\n            ON e.department_id = d.department_id\n            LEFT JOIN locations l\n            ON d.location_id = l.location_id\n  );
64edcc61-4934-4517-bdab-afc357caa066:1751316069403:36:S:SELECT job_title, ROUND(AVG(salary), 2)\n  FROM (  SELECT * \n            FROM employees e\n            LEFT JOIN jobs j \n            ON e.job_id = j.job_id\n  )\n  GROUP BY job_title;
80d6de88-039a-45f9-a65d-78f56f16a554:1751316069665:201:S:SELECT first_name || ' ' || last_name AS "Name",\n       department_name,\n       city\n  FROM (  SELECT *\n            FROM employees e\n            LEFT JOIN departments d\n            ON e.department_id = d.department_id\n            LEFT JOIN locations l\n            ON d.location_id = l.location_id\n  );
67deeb6b-016a-49be-8792-43812ab5f863:1751316069947:36:S:SELECT first_name || ' ' || last_name AS "Name"\n  FROM employees \n  WHERE department_id IS NULL;
8868bcbb-3897-4a91-8401-7b0918d61dfa:1751316070089:39:S:SELECT department_name, count(employee_id)\n  FROM departments d\n  LEFT JOIN employees e\n  ON d.department_id = e.department_id\n  GROUP BY department_name\n  ORDER BY department_name;
f624e523-2083-4fb3-94c2-0a90f4721e2e:1751316070238:36:S:SELECT first_name || ' ' || last_name AS "Name", salary \n  FROM employees e\n  LEFT JOIN departments d\n  ON d.department_id = e.department_id \n  WHERE salary > 10000;
